<?xml version="1.0" encoding="UTF-8"?>
<!-- Generated by org.testng.reporters.JUnitReportReporter -->
<testsuite hostname="DESKTOP-P0E83JL" failures="0" tests="4" name="ExcelData" time="0.025" errors="0" timestamp="2023-05-22T16:30:35 IST" skipped="0">
  <testcase classname="ExcelData" name="excelDataTest" time="0.001"/>
  <system-out/>
  <testcase classname="ExcelData" name="excelDataTest" time="0.004"/>
  <system-out/>
  <testcase classname="ExcelData" name="excelDataTest" time="0.004"/>
  <system-out/>
  <testcase classname="ExcelData" name="excelDataTest" time="0.016"/>
  <system-out/>
</testsuite> <!-- ExcelData -->
