<?xml version="1.0" encoding="UTF-8"?>
<!-- Generated by org.testng.reporters.JUnitReportReporter -->
<testsuite hostname="DESKTOP-P0E83JL" failures="0" tests="3" name="SeleniumGrid" time="14.024" errors="0" timestamp="2023-05-22T16:30:35 IST" skipped="0">
  <testcase classname="SeleniumGrid" name="demo" time="5.726"/>
  <system-out/>
  <testcase classname="SeleniumGrid" name="demo1" time="3.968"/>
  <system-out/>
  <testcase classname="SeleniumGrid" name="demo2" time="4.330"/>
  <system-out/>
</testsuite> <!-- SeleniumGrid -->
